[0.019s] Invoking command in '/Users/jae/Developer/URO/Sekuro/SEKURO_TUGAS_1_Made-Branenda-Jordhy_PROGRAMMING/src/ros_soal_1/sekuro_ws/build/chatSystem': CONDA_PROMPT_MODIFIER=(ros2) SHLVL=4 _=/usr/bin/env /Users/jae/miniconda3/envs/ros2/bin/cmake /Users/jae/Developer/URO/Sekuro/SEKURO_TUGAS_1_Made-Branenda-Jordhy_PROGRAMMING/src/ros_soal_1/sekuro_ws/chatSystem -DCMAKE_EXPORT_COMPILE_COMMANDS=ON -DCMAKE_INSTALL_PREFIX=/Users/jae/Developer/URO/Sekuro/SEKURO_TUGAS_1_Made-Branenda-Jordhy_PROGRAMMING/src/ros_soal_1/sekuro_ws/install/chatSystem
[0.350s] CMake Deprecation Warning at CMakeLists.txt:1 (cmake_minimum_required):
[0.350s]   Compatibility with CMake < 3.10 will be removed from a future version of
[0.350s]   CMake.
[0.350s] 
[0.350s]   Update the VERSION argument <min> value.  Or, use the <min>...<max> syntax
[0.350s]   to tell CMake that the project requires at least <min> but has been updated
[0.350s]   to work with policies introduced by <max> or earlier.
[0.350s] 
[0.350s] 
[0.926s] -- The C compiler identification is Clang 19.1.7
[1.072s] -- The CXX compiler identification is Clang 19.1.7
[1.101s] -- Detecting C compiler ABI info
[1.272s] -- Detecting C compiler ABI info - done
[1.279s] -- Check for working C compiler: /Users/jae/miniconda3/envs/ros2/bin/arm64-apple-darwin20.0.0-clang - skipped
[1.279s] -- Detecting C compile features
[1.280s] -- Detecting C compile features - done
[1.285s] -- Detecting CXX compiler ABI info
[1.414s] -- Detecting CXX compiler ABI info - done
[1.419s] -- Check for working CXX compiler: /Users/jae/miniconda3/envs/ros2/bin/arm64-apple-darwin20.0.0-clang++ - skipped
[1.419s] -- Detecting CXX compile features
[1.420s] -- Detecting CXX compile features - done
[1.442s] -- Found ament_cmake: 1.3.12 (/Users/jae/miniconda3/envs/ros2/share/ament_cmake/cmake)
[1.530s] -- Found Python3: /Users/jae/miniconda3/envs/ros2/bin/python3 (found version "3.11.11") found components: Interpreter
[1.721s] -- Found rclcpp: 16.0.13 (/Users/jae/miniconda3/envs/ros2/share/rclcpp/cmake)
[1.860s] -- Found rosidl_generator_c: 3.1.6 (/Users/jae/miniconda3/envs/ros2/share/rosidl_generator_c/cmake)
[1.881s] -- Found rosidl_adapter: 3.1.6 (/Users/jae/miniconda3/envs/ros2/share/rosidl_adapter/cmake)
[1.909s] -- Found rosidl_generator_cpp: 3.1.6 (/Users/jae/miniconda3/envs/ros2/share/rosidl_generator_cpp/cmake)
[1.942s] -- Using all available rosidl_typesupport_c: rosidl_typesupport_fastrtps_c;rosidl_typesupport_introspection_c
[1.987s] -- Using all available rosidl_typesupport_cpp: rosidl_typesupport_fastrtps_cpp;rosidl_typesupport_introspection_cpp
[3.906s] -- Checking for module 'yaml-0.1'
[4.023s] --   Found yaml-0.1, version 0.2.5
[4.297s] -- Found rmw_implementation_cmake: 6.1.2 (/Users/jae/miniconda3/envs/ros2/share/rmw_implementation_cmake/cmake)
[4.308s] -- Found rmw_cyclonedds_cpp: 1.3.4 (/Users/jae/miniconda3/envs/ros2/share/rmw_cyclonedds_cpp/cmake)
[4.379s] -- Using RMW implementation 'rmw_cyclonedds_cpp' as default
[4.409s] -- Performing Test CMAKE_HAVE_LIBC_PTHREAD
[4.561s] -- Performing Test CMAKE_HAVE_LIBC_PTHREAD - Success
[4.561s] -- Found Threads: TRUE
[4.654s] -- Found std_msgs: 4.9.0 (/Users/jae/miniconda3/envs/ros2/share/std_msgs/cmake)
[4.681s] -- Found ament_lint_auto: 0.12.12 (/Users/jae/miniconda3/envs/ros2/share/ament_lint_auto/cmake)
[4.728s] WARNING: Package name "chatSystem" does not follow the naming conventions. It should start with a lower case letter and only contain lower case letters, digits, underscores, and dashes.
[4.810s] -- Added test 'cppcheck' to perform static code analysis on C / C++ code
[4.810s] -- Configured cppcheck include dirs: /Users/jae/Developer/URO/Sekuro/SEKURO_TUGAS_1_Made-Branenda-Jordhy_PROGRAMMING/src/ros_soal_1/sekuro_ws/chatSystem/include
[4.810s] -- Configured cppcheck exclude dirs and/or files: 
[4.811s] -- Added test 'lint_cmake' to check CMake code style
[4.812s] -- Added test 'uncrustify' to check C / C++ code style
[4.812s] -- Configured uncrustify additional arguments: 
[4.813s] -- Added test 'xmllint' to check XML markup files
[4.815s] -- Configuring done (4.5s)
[4.835s] -- Generating done (0.0s)
[4.835s] CMake Warning:
[4.835s]   Manually-specified variables were not used by the project:
[4.835s] 
[4.835s]     CMAKE_EXPORT_COMPILE_COMMANDS
[4.835s] 
[4.835s] 
[4.861s] -- Build files have been written to: /Users/jae/Developer/URO/Sekuro/SEKURO_TUGAS_1_Made-Branenda-Jordhy_PROGRAMMING/src/ros_soal_1/sekuro_ws/build/chatSystem
[4.865s] Invoked command in '/Users/jae/Developer/URO/Sekuro/SEKURO_TUGAS_1_Made-Branenda-Jordhy_PROGRAMMING/src/ros_soal_1/sekuro_ws/build/chatSystem' returned '0': CONDA_PROMPT_MODIFIER=(ros2) SHLVL=4 _=/usr/bin/env /Users/jae/miniconda3/envs/ros2/bin/cmake /Users/jae/Developer/URO/Sekuro/SEKURO_TUGAS_1_Made-Branenda-Jordhy_PROGRAMMING/src/ros_soal_1/sekuro_ws/chatSystem -DCMAKE_EXPORT_COMPILE_COMMANDS=ON -DCMAKE_INSTALL_PREFIX=/Users/jae/Developer/URO/Sekuro/SEKURO_TUGAS_1_Made-Branenda-Jordhy_PROGRAMMING/src/ros_soal_1/sekuro_ws/install/chatSystem
[4.866s] Invoking command in '/Users/jae/Developer/URO/Sekuro/SEKURO_TUGAS_1_Made-Branenda-Jordhy_PROGRAMMING/src/ros_soal_1/sekuro_ws/build/chatSystem': CONDA_PROMPT_MODIFIER=(ros2) SHLVL=4 _=/usr/bin/env /Users/jae/miniconda3/envs/ros2/bin/cmake --build /Users/jae/Developer/URO/Sekuro/SEKURO_TUGAS_1_Made-Branenda-Jordhy_PROGRAMMING/src/ros_soal_1/sekuro_ws/build/chatSystem -- -j10 -l10
[4.911s] Invoked command in '/Users/jae/Developer/URO/Sekuro/SEKURO_TUGAS_1_Made-Branenda-Jordhy_PROGRAMMING/src/ros_soal_1/sekuro_ws/build/chatSystem' returned '0': CONDA_PROMPT_MODIFIER=(ros2) SHLVL=4 _=/usr/bin/env /Users/jae/miniconda3/envs/ros2/bin/cmake --build /Users/jae/Developer/URO/Sekuro/SEKURO_TUGAS_1_Made-Branenda-Jordhy_PROGRAMMING/src/ros_soal_1/sekuro_ws/build/chatSystem -- -j10 -l10
[4.928s] Invoking command in '/Users/jae/Developer/URO/Sekuro/SEKURO_TUGAS_1_Made-Branenda-Jordhy_PROGRAMMING/src/ros_soal_1/sekuro_ws/build/chatSystem': CONDA_PROMPT_MODIFIER=(ros2) SHLVL=4 _=/usr/bin/env /Users/jae/miniconda3/envs/ros2/bin/cmake --install /Users/jae/Developer/URO/Sekuro/SEKURO_TUGAS_1_Made-Branenda-Jordhy_PROGRAMMING/src/ros_soal_1/sekuro_ws/build/chatSystem
[4.937s] -- Install configuration: ""
[4.937s] -- Installing: /Users/jae/Developer/URO/Sekuro/SEKURO_TUGAS_1_Made-Branenda-Jordhy_PROGRAMMING/src/ros_soal_1/sekuro_ws/install/chatSystem/share/ament_index/resource_index/package_run_dependencies/chatSystem
[4.937s] -- Installing: /Users/jae/Developer/URO/Sekuro/SEKURO_TUGAS_1_Made-Branenda-Jordhy_PROGRAMMING/src/ros_soal_1/sekuro_ws/install/chatSystem/share/ament_index/resource_index/parent_prefix_path/chatSystem
[4.937s] -- Installing: /Users/jae/Developer/URO/Sekuro/SEKURO_TUGAS_1_Made-Branenda-Jordhy_PROGRAMMING/src/ros_soal_1/sekuro_ws/install/chatSystem/share/chatSystem/environment/ament_prefix_path.sh
[4.938s] -- Installing: /Users/jae/Developer/URO/Sekuro/SEKURO_TUGAS_1_Made-Branenda-Jordhy_PROGRAMMING/src/ros_soal_1/sekuro_ws/install/chatSystem/share/chatSystem/environment/ament_prefix_path.dsv
[4.938s] -- Installing: /Users/jae/Developer/URO/Sekuro/SEKURO_TUGAS_1_Made-Branenda-Jordhy_PROGRAMMING/src/ros_soal_1/sekuro_ws/install/chatSystem/share/chatSystem/environment/path.sh
[4.938s] -- Installing: /Users/jae/Developer/URO/Sekuro/SEKURO_TUGAS_1_Made-Branenda-Jordhy_PROGRAMMING/src/ros_soal_1/sekuro_ws/install/chatSystem/share/chatSystem/environment/path.dsv
[4.938s] -- Installing: /Users/jae/Developer/URO/Sekuro/SEKURO_TUGAS_1_Made-Branenda-Jordhy_PROGRAMMING/src/ros_soal_1/sekuro_ws/install/chatSystem/share/chatSystem/local_setup.bash
[4.938s] -- Installing: /Users/jae/Developer/URO/Sekuro/SEKURO_TUGAS_1_Made-Branenda-Jordhy_PROGRAMMING/src/ros_soal_1/sekuro_ws/install/chatSystem/share/chatSystem/local_setup.sh
[4.938s] -- Installing: /Users/jae/Developer/URO/Sekuro/SEKURO_TUGAS_1_Made-Branenda-Jordhy_PROGRAMMING/src/ros_soal_1/sekuro_ws/install/chatSystem/share/chatSystem/local_setup.zsh
[4.939s] -- Installing: /Users/jae/Developer/URO/Sekuro/SEKURO_TUGAS_1_Made-Branenda-Jordhy_PROGRAMMING/src/ros_soal_1/sekuro_ws/install/chatSystem/share/chatSystem/local_setup.dsv
[4.939s] -- Installing: /Users/jae/Developer/URO/Sekuro/SEKURO_TUGAS_1_Made-Branenda-Jordhy_PROGRAMMING/src/ros_soal_1/sekuro_ws/install/chatSystem/share/chatSystem/package.dsv
[4.939s] -- Installing: /Users/jae/Developer/URO/Sekuro/SEKURO_TUGAS_1_Made-Branenda-Jordhy_PROGRAMMING/src/ros_soal_1/sekuro_ws/install/chatSystem/share/ament_index/resource_index/packages/chatSystem
[4.939s] -- Installing: /Users/jae/Developer/URO/Sekuro/SEKURO_TUGAS_1_Made-Branenda-Jordhy_PROGRAMMING/src/ros_soal_1/sekuro_ws/install/chatSystem/share/chatSystem/cmake/chatSystemConfig.cmake
[4.940s] -- Installing: /Users/jae/Developer/URO/Sekuro/SEKURO_TUGAS_1_Made-Branenda-Jordhy_PROGRAMMING/src/ros_soal_1/sekuro_ws/install/chatSystem/share/chatSystem/cmake/chatSystemConfig-version.cmake
[4.940s] -- Installing: /Users/jae/Developer/URO/Sekuro/SEKURO_TUGAS_1_Made-Branenda-Jordhy_PROGRAMMING/src/ros_soal_1/sekuro_ws/install/chatSystem/share/chatSystem/package.xml
[4.941s] Invoked command in '/Users/jae/Developer/URO/Sekuro/SEKURO_TUGAS_1_Made-Branenda-Jordhy_PROGRAMMING/src/ros_soal_1/sekuro_ws/build/chatSystem' returned '0': CONDA_PROMPT_MODIFIER=(ros2) SHLVL=4 _=/usr/bin/env /Users/jae/miniconda3/envs/ros2/bin/cmake --install /Users/jae/Developer/URO/Sekuro/SEKURO_TUGAS_1_Made-Branenda-Jordhy_PROGRAMMING/src/ros_soal_1/sekuro_ws/build/chatSystem
