[0.019s] Invoking command in '/Users/jae/Developer/URO/Sekuro/SEKURO_TUGAS_1_Made-Branenda-Jordhy_PROGRAMMING/src/ros_soal_1/sekuro_ws/build/chatSystem': CONDA_PROMPT_MODIFIER=(ros2) SHLVL=4 _=/usr/bin/env /Users/jae/miniconda3/envs/ros2/bin/cmake --build /Users/jae/Developer/URO/Sekuro/SEKURO_TUGAS_1_Made-Branenda-Jordhy_PROGRAMMING/src/ros_soal_1/sekuro_ws/build/chatSystem -- -j10 -l10
[0.435s] [ 33%] Built target listener
[0.452s] [100%] Built target talker
[0.465s] Invoked command in '/Users/jae/Developer/URO/Sekuro/SEKURO_TUGAS_1_Made-Branenda-Jordhy_PROGRAMMING/src/ros_soal_1/sekuro_ws/build/chatSystem' returned '0': CONDA_PROMPT_MODIFIER=(ros2) SHLVL=4 _=/usr/bin/env /Users/jae/miniconda3/envs/ros2/bin/cmake --build /Users/jae/Developer/URO/Sekuro/SEKURO_TUGAS_1_Made-Branenda-Jordhy_PROGRAMMING/src/ros_soal_1/sekuro_ws/build/chatSystem -- -j10 -l10
[0.482s] Invoking command in '/Users/jae/Developer/URO/Sekuro/SEKURO_TUGAS_1_Made-Branenda-Jordhy_PROGRAMMING/src/ros_soal_1/sekuro_ws/build/chatSystem': CONDA_PROMPT_MODIFIER=(ros2) SHLVL=4 _=/usr/bin/env /Users/jae/miniconda3/envs/ros2/bin/cmake --install /Users/jae/Developer/URO/Sekuro/SEKURO_TUGAS_1_Made-Branenda-Jordhy_PROGRAMMING/src/ros_soal_1/sekuro_ws/build/chatSystem
[0.494s] -- Install configuration: ""
[0.494s] -- Up-to-date: /Users/jae/Developer/URO/Sekuro/SEKURO_TUGAS_1_Made-Branenda-Jordhy_PROGRAMMING/src/ros_soal_1/sekuro_ws/install/chatSystem/lib/chatSystem/talker
[0.494s] -- Up-to-date: /Users/jae/Developer/URO/Sekuro/SEKURO_TUGAS_1_Made-Branenda-Jordhy_PROGRAMMING/src/ros_soal_1/sekuro_ws/install/chatSystem/lib/chatSystem/listener
[0.494s] -- Up-to-date: /Users/jae/Developer/URO/Sekuro/SEKURO_TUGAS_1_Made-Branenda-Jordhy_PROGRAMMING/src/ros_soal_1/sekuro_ws/install/chatSystem/share/ament_index/resource_index/package_run_dependencies/chatSystem
[0.494s] -- Up-to-date: /Users/jae/Developer/URO/Sekuro/SEKURO_TUGAS_1_Made-Branenda-Jordhy_PROGRAMMING/src/ros_soal_1/sekuro_ws/install/chatSystem/share/ament_index/resource_index/parent_prefix_path/chatSystem
[0.494s] -- Up-to-date: /Users/jae/Developer/URO/Sekuro/SEKURO_TUGAS_1_Made-Branenda-Jordhy_PROGRAMMING/src/ros_soal_1/sekuro_ws/install/chatSystem/share/chatSystem/environment/ament_prefix_path.sh
[0.494s] -- Up-to-date: /Users/jae/Developer/URO/Sekuro/SEKURO_TUGAS_1_Made-Branenda-Jordhy_PROGRAMMING/src/ros_soal_1/sekuro_ws/install/chatSystem/share/chatSystem/environment/ament_prefix_path.dsv
[0.495s] -- Up-to-date: /Users/jae/Developer/URO/Sekuro/SEKURO_TUGAS_1_Made-Branenda-Jordhy_PROGRAMMING/src/ros_soal_1/sekuro_ws/install/chatSystem/share/chatSystem/environment/path.sh
[0.495s] -- Up-to-date: /Users/jae/Developer/URO/Sekuro/SEKURO_TUGAS_1_Made-Branenda-Jordhy_PROGRAMMING/src/ros_soal_1/sekuro_ws/install/chatSystem/share/chatSystem/environment/path.dsv
[0.495s] -- Up-to-date: /Users/jae/Developer/URO/Sekuro/SEKURO_TUGAS_1_Made-Branenda-Jordhy_PROGRAMMING/src/ros_soal_1/sekuro_ws/install/chatSystem/share/chatSystem/local_setup.bash
[0.495s] -- Up-to-date: /Users/jae/Developer/URO/Sekuro/SEKURO_TUGAS_1_Made-Branenda-Jordhy_PROGRAMMING/src/ros_soal_1/sekuro_ws/install/chatSystem/share/chatSystem/local_setup.sh
[0.495s] -- Up-to-date: /Users/jae/Developer/URO/Sekuro/SEKURO_TUGAS_1_Made-Branenda-Jordhy_PROGRAMMING/src/ros_soal_1/sekuro_ws/install/chatSystem/share/chatSystem/local_setup.zsh
[0.495s] -- Up-to-date: /Users/jae/Developer/URO/Sekuro/SEKURO_TUGAS_1_Made-Branenda-Jordhy_PROGRAMMING/src/ros_soal_1/sekuro_ws/install/chatSystem/share/chatSystem/local_setup.dsv
[0.495s] -- Installing: /Users/jae/Developer/URO/Sekuro/SEKURO_TUGAS_1_Made-Branenda-Jordhy_PROGRAMMING/src/ros_soal_1/sekuro_ws/install/chatSystem/share/chatSystem/package.dsv
[0.496s] -- Up-to-date: /Users/jae/Developer/URO/Sekuro/SEKURO_TUGAS_1_Made-Branenda-Jordhy_PROGRAMMING/src/ros_soal_1/sekuro_ws/install/chatSystem/share/ament_index/resource_index/packages/chatSystem
[0.496s] -- Up-to-date: /Users/jae/Developer/URO/Sekuro/SEKURO_TUGAS_1_Made-Branenda-Jordhy_PROGRAMMING/src/ros_soal_1/sekuro_ws/install/chatSystem/share/chatSystem/cmake/chatSystemConfig.cmake
[0.496s] -- Up-to-date: /Users/jae/Developer/URO/Sekuro/SEKURO_TUGAS_1_Made-Branenda-Jordhy_PROGRAMMING/src/ros_soal_1/sekuro_ws/install/chatSystem/share/chatSystem/cmake/chatSystemConfig-version.cmake
[0.496s] -- Up-to-date: /Users/jae/Developer/URO/Sekuro/SEKURO_TUGAS_1_Made-Branenda-Jordhy_PROGRAMMING/src/ros_soal_1/sekuro_ws/install/chatSystem/share/chatSystem/package.xml
[0.497s] Invoked command in '/Users/jae/Developer/URO/Sekuro/SEKURO_TUGAS_1_Made-Branenda-Jordhy_PROGRAMMING/src/ros_soal_1/sekuro_ws/build/chatSystem' returned '0': CONDA_PROMPT_MODIFIER=(ros2) SHLVL=4 _=/usr/bin/env /Users/jae/miniconda3/envs/ros2/bin/cmake --install /Users/jae/Developer/URO/Sekuro/SEKURO_TUGAS_1_Made-Branenda-Jordhy_PROGRAMMING/src/ros_soal_1/sekuro_ws/build/chatSystem
