CMake Deprecation Warning at CMakeLists.txt:1 (cmake_minimum_required):
  Compatibility with CMake < 3.10 will be removed from a future version of
  CMake.

  Update the VERSION argument <min> value.  Or, use the <min>...<max> syntax
  to tell CMake that the project requires at least <min> but has been updated
  to work with policies introduced by <max> or earlier.


-- Found ament_cmake: 1.3.12 (/Users/jae/miniconda3/envs/ros2/share/ament_cmake/cmake)
-- Found rclcpp: 16.0.13 (/Users/jae/miniconda3/envs/ros2/share/rclcpp/cmake)
-- Found rosidl_generator_c: 3.1.6 (/Users/jae/miniconda3/envs/ros2/share/rosidl_generator_c/cmake)
-- Found rosidl_adapter: 3.1.6 (/Users/jae/miniconda3/envs/ros2/share/rosidl_adapter/cmake)
-- Found rosidl_generator_cpp: 3.1.6 (/Users/jae/miniconda3/envs/ros2/share/rosidl_generator_cpp/cmake)
-- Using all available rosidl_typesupport_c: rosidl_typesupport_fastrtps_c;rosidl_typesupport_introspection_c
-- Using all available rosidl_typesupport_cpp: rosidl_typesupport_fastrtps_cpp;rosidl_typesupport_introspection_cpp
-- Found rmw_implementation_cmake: 6.1.2 (/Users/jae/miniconda3/envs/ros2/share/rmw_implementation_cmake/cmake)
-- Found rmw_cyclonedds_cpp: 1.3.4 (/Users/jae/miniconda3/envs/ros2/share/rmw_cyclonedds_cpp/cmake)
-- Using RMW implementation 'rmw_cyclonedds_cpp' as default
-- Found std_msgs: 4.9.0 (/Users/jae/miniconda3/envs/ros2/share/std_msgs/cmake)
WARNING: Package name "chatSystem" does not follow the naming conventions. It should start with a lower case letter and only contain lower case letters, digits, underscores, and dashes.
-- Configuring done (0.7s)
-- Generating done (0.5s)
-- Build files have been written to: /Users/jae/Developer/URO/Sekuro/SEKURO_TUGAS_1_Made-Branenda-Jordhy_PROGRAMMING/src/ros_soal_1/sekuro_ws/build/chatSystem
[ 11%] Building CXX object CMakeFiles/listener.dir/src/listener.cpp.o
[ 22%] Building CXX object CMakeFiles/talker.dir/src/Sensor.cpp.o
[ 33%] Building CXX object CMakeFiles/listener.dir/src/MovingAverageFilter.cpp.o
[ 44%] Building CXX object CMakeFiles/talker.dir/src/TempSensor.cpp.o
[ 66%] Building CXX object CMakeFiles/talker.dir/src/UltrasonicSensor.cpp.o
[ 66%] Building CXX object CMakeFiles/talker.dir/src/IMUSensor.cpp.o
[ 77%] Building CXX object CMakeFiles/talker.dir/src/talker.cpp.o
/Users/jae/Developer/URO/Sekuro/SEKURO_TUGAS_1_Made-Branenda-Jordhy_PROGRAMMING/src/ros_soal_1/sekuro_ws/chatSystem/src/talker.cpp:48:31: error: no matching function for call to 'make_unique'
   48 |             sensors.push_back(make_unique<UltrasonicSensor>());
      |                               ^~~~~~~~~~~~~~~~~~~~~~~~~~~~~
/Users/jae/miniconda3/envs/ros2/include/rclcpp/rclcpp/node.hpp:80:3: note: candidate function [with Args = <UltrasonicSensor>] not viable: requires single argument 'args', but no arguments were provided
   80 |   RCLCPP_SMART_PTR_DEFINITIONS(Node)
      |   ^~~~~~~~~~~~~~~~~~~~~~~~~~~~~~~~~~
/Users/jae/miniconda3/envs/ros2/include/rclcpp/rclcpp/macros.hpp:39:3: note: expanded from macro 'RCLCPP_SMART_PTR_DEFINITIONS'
   39 |   RCLCPP_UNIQUE_PTR_DEFINITIONS(__VA_ARGS__)
      |   ^~~~~~~~~~~~~~~~~~~~~~~~~~~~~~~~~~~~~~~~~~
/Users/jae/miniconda3/envs/ros2/include/rclcpp/rclcpp/macros.hpp:109:3: note: expanded from macro 'RCLCPP_UNIQUE_PTR_DEFINITIONS'
  109 |   __RCLCPP_MAKE_UNIQUE_DEFINITION(__VA_ARGS__)
      |   ^~~~~~~~~~~~~~~~~~~~~~~~~~~~~~~~~~~~~~~~~~~~
/Users/jae/miniconda3/envs/ros2/include/rclcpp/rclcpp/macros.hpp:101:3: note: expanded from macro '__RCLCPP_MAKE_UNIQUE_DEFINITION'
  101 |   make_unique(Args && ... args) \
      |   ^           ~~~~~~~~~~~~~~~~
/Users/jae/Developer/URO/Sekuro/SEKURO_TUGAS_1_Made-Branenda-Jordhy_PROGRAMMING/src/ros_soal_1/sekuro_ws/chatSystem/src/talker.cpp:48:21: error: no matching member function for call to 'push_back'
   48 |             sensors.push_back(make_unique<UltrasonicSensor>());
      |             ~~~~~~~~^~~~~~~~~
/Users/jae/miniconda3/envs/ros2/bin/../include/c++/v1/vector:677:60: note: candidate function not viable: no known conversion from 'unique_ptr<Node, default_delete<rclcpp::Node>>' to 'const unique_ptr<Sensor, default_delete<Sensor>>' for 1st argument
  677 |   _LIBCPP_CONSTEXPR_SINCE_CXX20 _LIBCPP_HIDE_FROM_ABI void push_back(const_reference __x);
      |                                                            ^         ~~~~~~~~~~~~~~~~~~~
/Users/jae/miniconda3/envs/ros2/bin/../include/c++/v1/vector:679:60: note: candidate function not viable: no known conversion from 'unique_ptr<Node, default_delete<rclcpp::Node>>' to 'unique_ptr<Sensor, default_delete<Sensor>>' for 1st argument
  679 |   _LIBCPP_CONSTEXPR_SINCE_CXX20 _LIBCPP_HIDE_FROM_ABI void push_back(value_type&& __x);
      |                                                            ^         ~~~~~~~~~~~~~~~~
/Users/jae/Developer/URO/Sekuro/SEKURO_TUGAS_1_Made-Branenda-Jordhy_PROGRAMMING/src/ros_soal_1/sekuro_ws/chatSystem/src/talker.cpp:49:31: error: no matching function for call to 'make_unique'
   49 |             sensors.push_back(make_unique<IMUSensor>());
      |                               ^~~~~~~~~~~~~~~~~~~~~~
/Users/jae/miniconda3/envs/ros2/include/rclcpp/rclcpp/node.hpp:80:3: note: candidate function [with Args = <IMUSensor>] not viable: requires single argument 'args', but no arguments were provided
   80 |   RCLCPP_SMART_PTR_DEFINITIONS(Node)
      |   ^~~~~~~~~~~~~~~~~~~~~~~~~~~~~~~~~~
/Users/jae/miniconda3/envs/ros2/include/rclcpp/rclcpp/macros.hpp:39:3: note: expanded from macro 'RCLCPP_SMART_PTR_DEFINITIONS'
   39 |   RCLCPP_UNIQUE_PTR_DEFINITIONS(__VA_ARGS__)
      |   ^~~~~~~~~~~~~~~~~~~~~~~~~~~~~~~~~~~~~~~~~~
/Users/jae/miniconda3/envs/ros2/include/rclcpp/rclcpp/macros.hpp:109:3: note: expanded from macro 'RCLCPP_UNIQUE_PTR_DEFINITIONS'
  109 |   __RCLCPP_MAKE_UNIQUE_DEFINITION(__VA_ARGS__)
      |   ^~~~~~~~~~~~~~~~~~~~~~~~~~~~~~~~~~~~~~~~~~~~
/Users/jae/miniconda3/envs/ros2/include/rclcpp/rclcpp/macros.hpp:101:3: note: expanded from macro '__RCLCPP_MAKE_UNIQUE_DEFINITION'
  101 |   make_unique(Args && ... args) \
      |   ^           ~~~~~~~~~~~~~~~~
/Users/jae/Developer/URO/Sekuro/SEKURO_TUGAS_1_Made-Branenda-Jordhy_PROGRAMMING/src/ros_soal_1/sekuro_ws/chatSystem/src/talker.cpp:49:21: error: no matching member function for call to 'push_back'
   49 |             sensors.push_back(make_unique<IMUSensor>());
      |             ~~~~~~~~^~~~~~~~~
/Users/jae/miniconda3/envs/ros2/bin/../include/c++/v1/vector:677:60: note: candidate function not viable: no known conversion from 'unique_ptr<Node, default_delete<rclcpp::Node>>' to 'const unique_ptr<Sensor, default_delete<Sensor>>' for 1st argument
  677 |   _LIBCPP_CONSTEXPR_SINCE_CXX20 _LIBCPP_HIDE_FROM_ABI void push_back(const_reference __x);
      |                                                            ^         ~~~~~~~~~~~~~~~~~~~
/Users/jae/miniconda3/envs/ros2/bin/../include/c++/v1/vector:679:60: note: candidate function not viable: no known conversion from 'unique_ptr<Node, default_delete<rclcpp::Node>>' to 'unique_ptr<Sensor, default_delete<Sensor>>' for 1st argument
  679 |   _LIBCPP_CONSTEXPR_SINCE_CXX20 _LIBCPP_HIDE_FROM_ABI void push_back(value_type&& __x);
      |                                                            ^         ~~~~~~~~~~~~~~~~
/Users/jae/Developer/URO/Sekuro/SEKURO_TUGAS_1_Made-Branenda-Jordhy_PROGRAMMING/src/ros_soal_1/sekuro_ws/chatSystem/src/talker.cpp:50:31: error: no matching function for call to 'make_unique'
   50 |             sensors.push_back(make_unique<TempSensor>());
      |                               ^~~~~~~~~~~~~~~~~~~~~~~
/Users/jae/miniconda3/envs/ros2/include/rclcpp/rclcpp/node.hpp:80:3: note: candidate function [with Args = <TempSensor>] not viable: requires single argument 'args', but no arguments were provided
   80 |   RCLCPP_SMART_PTR_DEFINITIONS(Node)
      |   ^~~~~~~~~~~~~~~~~~~~~~~~~~~~~~~~~~
/Users/jae/miniconda3/envs/ros2/include/rclcpp/rclcpp/macros.hpp:39:3: note: expanded from macro 'RCLCPP_SMART_PTR_DEFINITIONS'
   39 |   RCLCPP_UNIQUE_PTR_DEFINITIONS(__VA_ARGS__)
      |   ^~~~~~~~~~~~~~~~~~~~~~~~~~~~~~~~~~~~~~~~~~
/Users/jae/miniconda3/envs/ros2/include/rclcpp/rclcpp/macros.hpp:109:3: note: expanded from macro 'RCLCPP_UNIQUE_PTR_DEFINITIONS'
  109 |   __RCLCPP_MAKE_UNIQUE_DEFINITION(__VA_ARGS__)
      |   ^~~~~~~~~~~~~~~~~~~~~~~~~~~~~~~~~~~~~~~~~~~~
/Users/jae/miniconda3/envs/ros2/include/rclcpp/rclcpp/macros.hpp:101:3: note: expanded from macro '__RCLCPP_MAKE_UNIQUE_DEFINITION'
  101 |   make_unique(Args && ... args) \
      |   ^           ~~~~~~~~~~~~~~~~
/Users/jae/Developer/URO/Sekuro/SEKURO_TUGAS_1_Made-Branenda-Jordhy_PROGRAMMING/src/ros_soal_1/sekuro_ws/chatSystem/src/talker.cpp:50:21: error: no matching member function for call to 'push_back'
   50 |             sensors.push_back(make_unique<TempSensor>());
      |             ~~~~~~~~^~~~~~~~~
/Users/jae/miniconda3/envs/ros2/bin/../include/c++/v1/vector:677:60: note: candidate function not viable: no known conversion from 'unique_ptr<Node, default_delete<rclcpp::Node>>' to 'const unique_ptr<Sensor, default_delete<Sensor>>' for 1st argument
  677 |   _LIBCPP_CONSTEXPR_SINCE_CXX20 _LIBCPP_HIDE_FROM_ABI void push_back(const_reference __x);
      |                                                            ^         ~~~~~~~~~~~~~~~~~~~
/Users/jae/miniconda3/envs/ros2/bin/../include/c++/v1/vector:679:60: note: candidate function not viable: no known conversion from 'unique_ptr<Node, default_delete<rclcpp::Node>>' to 'unique_ptr<Sensor, default_delete<Sensor>>' for 1st argument
  679 |   _LIBCPP_CONSTEXPR_SINCE_CXX20 _LIBCPP_HIDE_FROM_ABI void push_back(value_type&& __x);
      |                                                            ^         ~~~~~~~~~~~~~~~~
6 errors generated.
make[2]: *** [CMakeFiles/talker.dir/build.make:135: CMakeFiles/talker.dir/src/talker.cpp.o] Error 1
make[1]: *** [CMakeFiles/Makefile2:156: CMakeFiles/talker.dir/all] Error 2
make[1]: *** Waiting for unfinished jobs....
[ 88%] Linking CXX executable listener
[ 88%] Built target listener
make: *** [Makefile:146: all] Error 2
