-- Found ament_cmake: 1.3.12 (/Users/jae/miniconda3/envs/ros2/share/ament_cmake/cmake)
-- Found rclcpp: 16.0.13 (/Users/jae/miniconda3/envs/ros2/share/rclcpp/cmake)
-- Found rosidl_generator_c: 3.1.6 (/Users/jae/miniconda3/envs/ros2/share/rosidl_generator_c/cmake)
-- Found rosidl_adapter: 3.1.6 (/Users/jae/miniconda3/envs/ros2/share/rosidl_adapter/cmake)
-- Found rosidl_generator_cpp: 3.1.6 (/Users/jae/miniconda3/envs/ros2/share/rosidl_generator_cpp/cmake)
-- Using all available rosidl_typesupport_c: rosidl_typesupport_fastrtps_c;rosidl_typesupport_introspection_c
-- Using all available rosidl_typesupport_cpp: rosidl_typesupport_fastrtps_cpp;rosidl_typesupport_introspection_cpp
-- Found rmw_implementation_cmake: 6.1.2 (/Users/jae/miniconda3/envs/ros2/share/rmw_implementation_cmake/cmake)
-- Found rmw_cyclonedds_cpp: 1.3.4 (/Users/jae/miniconda3/envs/ros2/share/rmw_cyclonedds_cpp/cmake)
-- Using RMW implementation 'rmw_cyclonedds_cpp' as default
-- Found std_msgs: 4.9.0 (/Users/jae/miniconda3/envs/ros2/share/std_msgs/cmake)
-- Configuring done (0.7s)
-- Generating done (0.5s)
-- Build files have been written to: /Users/jae/Developer/URO/Sekuro/SEKURO_TUGAS_1_Made-Branenda-Jordhy_PROGRAMMING/src/ros_soal_1/sekuro_ws/build/chatSystem
[ 11%] Building CXX object CMakeFiles/listener.dir/src/listener.cpp.o
[ 22%] Building CXX object CMakeFiles/talker.dir/src/Sensor.cpp.o
[ 33%] Building CXX object CMakeFiles/listener.dir/src/MovingAverageFilter.cpp.o
[ 44%] Building CXX object CMakeFiles/talker.dir/src/TempSensor.cpp.o
[ 66%] Building CXX object CMakeFiles/talker.dir/src/UltrasonicSensor.cpp.o
[ 66%] Building CXX object CMakeFiles/talker.dir/src/IMUSensor.cpp.o
[ 77%] Building CXX object CMakeFiles/talker.dir/src/talker.cpp.o
[ 88%] Linking CXX executable listener
[ 88%] Built target listener
