[0.017s] Invoking command in '/Users/jae/Developer/URO/Sekuro/SEKURO_TUGAS_1_Made-Branenda-Jordhy_PROGRAMMING/src/ros_soal_1/sekuro_ws/build/chatSystem': CONDA_PROMPT_MODIFIER=(ros2) SHLVL=5 _=/usr/bin/env /Users/jae/miniconda3/envs/ros2/bin/cmake /Users/jae/Developer/URO/Sekuro/SEKURO_TUGAS_1_Made-Branenda-Jordhy_PROGRAMMING/src/ros_soal_1/sekuro_ws/chatSystem -DCMAKE_INSTALL_PREFIX=/Users/jae/Developer/URO/Sekuro/SEKURO_TUGAS_1_Made-Branenda-Jordhy_PROGRAMMING/src/ros_soal_1/sekuro_ws/install/chatSystem
[0.471s] CMake Deprecation Warning at CMakeLists.txt:1 (cmake_minimum_required):
[0.471s]   Compatibility with CMake < 3.10 will be removed from a future version of
[0.472s]   CMake.
[0.472s] 
[0.472s]   Update the VERSION argument <min> value.  Or, use the <min>...<max> syntax
[0.472s]   to tell CMake that the project requires at least <min> but has been updated
[0.472s]   to work with policies introduced by <max> or earlier.
[0.472s] 
[0.472s] 
[0.520s] -- Found ament_cmake: 1.3.12 (/Users/jae/miniconda3/envs/ros2/share/ament_cmake/cmake)
[0.664s] -- Found rclcpp: 16.0.13 (/Users/jae/miniconda3/envs/ros2/share/rclcpp/cmake)
[0.706s] -- Found rosidl_generator_c: 3.1.6 (/Users/jae/miniconda3/envs/ros2/share/rosidl_generator_c/cmake)
[0.710s] -- Found rosidl_adapter: 3.1.6 (/Users/jae/miniconda3/envs/ros2/share/rosidl_adapter/cmake)
[0.719s] -- Found rosidl_generator_cpp: 3.1.6 (/Users/jae/miniconda3/envs/ros2/share/rosidl_generator_cpp/cmake)
[0.732s] -- Using all available rosidl_typesupport_c: rosidl_typesupport_fastrtps_c;rosidl_typesupport_introspection_c
[0.748s] -- Using all available rosidl_typesupport_cpp: rosidl_typesupport_fastrtps_cpp;rosidl_typesupport_introspection_cpp
[0.989s] -- Found rmw_implementation_cmake: 6.1.2 (/Users/jae/miniconda3/envs/ros2/share/rmw_implementation_cmake/cmake)
[0.992s] -- Found rmw_cyclonedds_cpp: 1.3.4 (/Users/jae/miniconda3/envs/ros2/share/rmw_cyclonedds_cpp/cmake)
[1.026s] -- Using RMW implementation 'rmw_cyclonedds_cpp' as default
[1.082s] -- Found std_msgs: 4.9.0 (/Users/jae/miniconda3/envs/ros2/share/std_msgs/cmake)
[1.136s] WARNING: Package name "chatSystem" does not follow the naming conventions. It should start with a lower case letter and only contain lower case letters, digits, underscores, and dashes.
[1.147s] -- Configuring done (0.7s)
[1.600s] -- Generating done (0.5s)
[1.636s] -- Build files have been written to: /Users/jae/Developer/URO/Sekuro/SEKURO_TUGAS_1_Made-Branenda-Jordhy_PROGRAMMING/src/ros_soal_1/sekuro_ws/build/chatSystem
[1.639s] Invoked command in '/Users/jae/Developer/URO/Sekuro/SEKURO_TUGAS_1_Made-Branenda-Jordhy_PROGRAMMING/src/ros_soal_1/sekuro_ws/build/chatSystem' returned '0': CONDA_PROMPT_MODIFIER=(ros2) SHLVL=5 _=/usr/bin/env /Users/jae/miniconda3/envs/ros2/bin/cmake /Users/jae/Developer/URO/Sekuro/SEKURO_TUGAS_1_Made-Branenda-Jordhy_PROGRAMMING/src/ros_soal_1/sekuro_ws/chatSystem -DCMAKE_INSTALL_PREFIX=/Users/jae/Developer/URO/Sekuro/SEKURO_TUGAS_1_Made-Branenda-Jordhy_PROGRAMMING/src/ros_soal_1/sekuro_ws/install/chatSystem
[1.640s] Invoking command in '/Users/jae/Developer/URO/Sekuro/SEKURO_TUGAS_1_Made-Branenda-Jordhy_PROGRAMMING/src/ros_soal_1/sekuro_ws/build/chatSystem': CONDA_PROMPT_MODIFIER=(ros2) SHLVL=5 _=/usr/bin/env /Users/jae/miniconda3/envs/ros2/bin/cmake --build /Users/jae/Developer/URO/Sekuro/SEKURO_TUGAS_1_Made-Branenda-Jordhy_PROGRAMMING/src/ros_soal_1/sekuro_ws/build/chatSystem -- -j10 -l10
[1.705s] [ 11%] Building CXX object CMakeFiles/listener.dir/src/listener.cpp.o
[1.706s] [ 22%] Building CXX object CMakeFiles/talker.dir/src/Sensor.cpp.o
[1.707s] [ 33%] Building CXX object CMakeFiles/listener.dir/src/MovingAverageFilter.cpp.o
[1.708s] [ 44%] Building CXX object CMakeFiles/talker.dir/src/TempSensor.cpp.o
[1.711s] [ 66%] Building CXX object CMakeFiles/talker.dir/src/UltrasonicSensor.cpp.o
[1.711s] [ 66%] Building CXX object CMakeFiles/talker.dir/src/IMUSensor.cpp.o
[1.712s] [ 77%] Building CXX object CMakeFiles/talker.dir/src/talker.cpp.o
[3.242s] /Users/jae/Developer/URO/Sekuro/SEKURO_TUGAS_1_Made-Branenda-Jordhy_PROGRAMMING/src/ros_soal_1/sekuro_ws/chatSystem/src/talker.cpp:48:31: error: no matching function for call to 'make_unique'
[3.242s]    48 |             sensors.push_back(make_unique<UltrasonicSensor>());
[3.242s]       |                               ^~~~~~~~~~~~~~~~~~~~~~~~~~~~~
[3.242s] /Users/jae/miniconda3/envs/ros2/include/rclcpp/rclcpp/node.hpp:80:3: note: candidate function [with Args = <UltrasonicSensor>] not viable: requires single argument 'args', but no arguments were provided
[3.242s]    80 |   RCLCPP_SMART_PTR_DEFINITIONS(Node)
[3.242s]       |   ^~~~~~~~~~~~~~~~~~~~~~~~~~~~~~~~~~
[3.243s] /Users/jae/miniconda3/envs/ros2/include/rclcpp/rclcpp/macros.hpp:39:3: note: expanded from macro 'RCLCPP_SMART_PTR_DEFINITIONS'
[3.243s]    39 |   RCLCPP_UNIQUE_PTR_DEFINITIONS(__VA_ARGS__)
[3.243s]       |   ^~~~~~~~~~~~~~~~~~~~~~~~~~~~~~~~~~~~~~~~~~
[3.243s] /Users/jae/miniconda3/envs/ros2/include/rclcpp/rclcpp/macros.hpp:109:3: note: expanded from macro 'RCLCPP_UNIQUE_PTR_DEFINITIONS'
[3.243s]   109 |   __RCLCPP_MAKE_UNIQUE_DEFINITION(__VA_ARGS__)
[3.243s]       |   ^~~~~~~~~~~~~~~~~~~~~~~~~~~~~~~~~~~~~~~~~~~~
[3.243s] /Users/jae/miniconda3/envs/ros2/include/rclcpp/rclcpp/macros.hpp:101:3: note: expanded from macro '__RCLCPP_MAKE_UNIQUE_DEFINITION'
[3.243s]   101 |   make_unique(Args && ... args) \
[3.243s]       |   ^           ~~~~~~~~~~~~~~~~
[3.243s] /Users/jae/Developer/URO/Sekuro/SEKURO_TUGAS_1_Made-Branenda-Jordhy_PROGRAMMING/src/ros_soal_1/sekuro_ws/chatSystem/src/talker.cpp:48:21: error: no matching member function for call to 'push_back'
[3.243s]    48 |             sensors.push_back(make_unique<UltrasonicSensor>());
[3.243s]       |             ~~~~~~~~^~~~~~~~~
[3.243s] /Users/jae/miniconda3/envs/ros2/bin/../include/c++/v1/vector:677:60: note: candidate function not viable: no known conversion from 'unique_ptr<Node, default_delete<rclcpp::Node>>' to 'const unique_ptr<Sensor, default_delete<Sensor>>' for 1st argument
[3.243s]   677 |   _LIBCPP_CONSTEXPR_SINCE_CXX20 _LIBCPP_HIDE_FROM_ABI void push_back(const_reference __x);
[3.243s]       |                                                            ^         ~~~~~~~~~~~~~~~~~~~
[3.243s] /Users/jae/miniconda3/envs/ros2/bin/../include/c++/v1/vector:679:60: note: candidate function not viable: no known conversion from 'unique_ptr<Node, default_delete<rclcpp::Node>>' to 'unique_ptr<Sensor, default_delete<Sensor>>' for 1st argument
[3.243s]   679 |   _LIBCPP_CONSTEXPR_SINCE_CXX20 _LIBCPP_HIDE_FROM_ABI void push_back(value_type&& __x);
[3.243s]       |                                                            ^         ~~~~~~~~~~~~~~~~
[3.243s] /Users/jae/Developer/URO/Sekuro/SEKURO_TUGAS_1_Made-Branenda-Jordhy_PROGRAMMING/src/ros_soal_1/sekuro_ws/chatSystem/src/talker.cpp:49:31: error: no matching function for call to 'make_unique'
[3.243s]    49 |             sensors.push_back(make_unique<IMUSensor>());
[3.243s]       |                               ^~~~~~~~~~~~~~~~~~~~~~
[3.243s] /Users/jae/miniconda3/envs/ros2/include/rclcpp/rclcpp/node.hpp:80:3: note: candidate function [with Args = <IMUSensor>] not viable: requires single argument 'args', but no arguments were provided
[3.244s]    80 |   RCLCPP_SMART_PTR_DEFINITIONS(Node)
[3.244s]       |   ^~~~~~~~~~~~~~~~~~~~~~~~~~~~~~~~~~
[3.244s] /Users/jae/miniconda3/envs/ros2/include/rclcpp/rclcpp/macros.hpp:39:3: note: expanded from macro 'RCLCPP_SMART_PTR_DEFINITIONS'
[3.244s]    39 |   RCLCPP_UNIQUE_PTR_DEFINITIONS(__VA_ARGS__)
[3.244s]       |   ^~~~~~~~~~~~~~~~~~~~~~~~~~~~~~~~~~~~~~~~~~
[3.244s] /Users/jae/miniconda3/envs/ros2/include/rclcpp/rclcpp/macros.hpp:109:3: note: expanded from macro 'RCLCPP_UNIQUE_PTR_DEFINITIONS'
[3.244s]   109 |   __RCLCPP_MAKE_UNIQUE_DEFINITION(__VA_ARGS__)
[3.244s]       |   ^~~~~~~~~~~~~~~~~~~~~~~~~~~~~~~~~~~~~~~~~~~~
[3.244s] /Users/jae/miniconda3/envs/ros2/include/rclcpp/rclcpp/macros.hpp:101:3: note: expanded from macro '__RCLCPP_MAKE_UNIQUE_DEFINITION'
[3.244s]   101 |   make_unique(Args && ... args) \
[3.244s]       |   ^           ~~~~~~~~~~~~~~~~
[3.244s] /Users/jae/Developer/URO/Sekuro/SEKURO_TUGAS_1_Made-Branenda-Jordhy_PROGRAMMING/src/ros_soal_1/sekuro_ws/chatSystem/src/talker.cpp:49:21: error: no matching member function for call to 'push_back'
[3.244s]    49 |             sensors.push_back(make_unique<IMUSensor>());
[3.244s]       |             ~~~~~~~~^~~~~~~~~
[3.244s] /Users/jae/miniconda3/envs/ros2/bin/../include/c++/v1/vector:677:60: note: candidate function not viable: no known conversion from 'unique_ptr<Node, default_delete<rclcpp::Node>>' to 'const unique_ptr<Sensor, default_delete<Sensor>>' for 1st argument
[3.244s]   677 |   _LIBCPP_CONSTEXPR_SINCE_CXX20 _LIBCPP_HIDE_FROM_ABI void push_back(const_reference __x);
[3.244s]       |                                                            ^         ~~~~~~~~~~~~~~~~~~~
[3.244s] /Users/jae/miniconda3/envs/ros2/bin/../include/c++/v1/vector:679:60: note: candidate function not viable: no known conversion from 'unique_ptr<Node, default_delete<rclcpp::Node>>' to 'unique_ptr<Sensor, default_delete<Sensor>>' for 1st argument
[3.244s]   679 |   _LIBCPP_CONSTEXPR_SINCE_CXX20 _LIBCPP_HIDE_FROM_ABI void push_back(value_type&& __x);
[3.244s]       |                                                            ^         ~~~~~~~~~~~~~~~~
[3.244s] /Users/jae/Developer/URO/Sekuro/SEKURO_TUGAS_1_Made-Branenda-Jordhy_PROGRAMMING/src/ros_soal_1/sekuro_ws/chatSystem/src/talker.cpp:50:31: error: no matching function for call to 'make_unique'
[3.244s]    50 |             sensors.push_back(make_unique<TempSensor>());
[3.244s]       |                               ^~~~~~~~~~~~~~~~~~~~~~~
[3.244s] /Users/jae/miniconda3/envs/ros2/include/rclcpp/rclcpp/node.hpp:80:3: note: candidate function [with Args = <TempSensor>] not viable: requires single argument 'args', but no arguments were provided
[3.244s]    80 |   RCLCPP_SMART_PTR_DEFINITIONS(Node)
[3.244s]       |   ^~~~~~~~~~~~~~~~~~~~~~~~~~~~~~~~~~
[3.244s] /Users/jae/miniconda3/envs/ros2/include/rclcpp/rclcpp/macros.hpp:39:3: note: expanded from macro 'RCLCPP_SMART_PTR_DEFINITIONS'
[3.244s]    39 |   RCLCPP_UNIQUE_PTR_DEFINITIONS(__VA_ARGS__)
[3.244s]       |   ^~~~~~~~~~~~~~~~~~~~~~~~~~~~~~~~~~~~~~~~~~
[3.244s] /Users/jae/miniconda3/envs/ros2/include/rclcpp/rclcpp/macros.hpp:109:3: note: expanded from macro 'RCLCPP_UNIQUE_PTR_DEFINITIONS'
[3.244s]   109 |   __RCLCPP_MAKE_UNIQUE_DEFINITION(__VA_ARGS__)
[3.244s]       |   ^~~~~~~~~~~~~~~~~~~~~~~~~~~~~~~~~~~~~~~~~~~~
[3.244s] /Users/jae/miniconda3/envs/ros2/include/rclcpp/rclcpp/macros.hpp:101:3: note: expanded from macro '__RCLCPP_MAKE_UNIQUE_DEFINITION'
[3.244s]   101 |   make_unique(Args && ... args) \
[3.244s]       |   ^           ~~~~~~~~~~~~~~~~
[3.244s] /Users/jae/Developer/URO/Sekuro/SEKURO_TUGAS_1_Made-Branenda-Jordhy_PROGRAMMING/src/ros_soal_1/sekuro_ws/chatSystem/src/talker.cpp:50:21: error: no matching member function for call to 'push_back'
[3.244s]    50 |             sensors.push_back(make_unique<TempSensor>());
[3.244s]       |             ~~~~~~~~^~~~~~~~~
[3.244s] /Users/jae/miniconda3/envs/ros2/bin/../include/c++/v1/vector:677:60: note: candidate function not viable: no known conversion from 'unique_ptr<Node, default_delete<rclcpp::Node>>' to 'const unique_ptr<Sensor, default_delete<Sensor>>' for 1st argument
[3.244s]   677 |   _LIBCPP_CONSTEXPR_SINCE_CXX20 _LIBCPP_HIDE_FROM_ABI void push_back(const_reference __x);
[3.244s]       |                                                            ^         ~~~~~~~~~~~~~~~~~~~
[3.244s] /Users/jae/miniconda3/envs/ros2/bin/../include/c++/v1/vector:679:60: note: candidate function not viable: no known conversion from 'unique_ptr<Node, default_delete<rclcpp::Node>>' to 'unique_ptr<Sensor, default_delete<Sensor>>' for 1st argument
[3.244s]   679 |   _LIBCPP_CONSTEXPR_SINCE_CXX20 _LIBCPP_HIDE_FROM_ABI void push_back(value_type&& __x);
[3.244s]       |                                                            ^         ~~~~~~~~~~~~~~~~
[3.597s] 6 errors generated.
[3.602s] make[2]: *** [CMakeFiles/talker.dir/build.make:135: CMakeFiles/talker.dir/src/talker.cpp.o] Error 1
[3.602s] make[1]: *** [CMakeFiles/Makefile2:156: CMakeFiles/talker.dir/all] Error 2
[3.602s] make[1]: *** Waiting for unfinished jobs....
[5.445s] [ 88%] Linking CXX executable listener
[5.578s] [ 88%] Built target listener
[5.579s] make: *** [Makefile:146: all] Error 2
[5.580s] Invoked command in '/Users/jae/Developer/URO/Sekuro/SEKURO_TUGAS_1_Made-Branenda-Jordhy_PROGRAMMING/src/ros_soal_1/sekuro_ws/build/chatSystem' returned '2': CONDA_PROMPT_MODIFIER=(ros2) SHLVL=5 _=/usr/bin/env /Users/jae/miniconda3/envs/ros2/bin/cmake --build /Users/jae/Developer/URO/Sekuro/SEKURO_TUGAS_1_Made-Branenda-Jordhy_PROGRAMMING/src/ros_soal_1/sekuro_ws/build/chatSystem -- -j10 -l10
