[ 33%] Building CXX object CMakeFiles/talker.dir/src/talker.cpp.o
[ 44%] Built target listener
[ 55%] Linking CXX executable talker
[100%] Built target talker
-- Install configuration: ""
-- Installing: /Users/jae/Developer/URO/Sekuro/SEKURO_TUGAS_1_Made-Branenda-Jordhy_PROGRAMMING/src/ros_soal_1/sekuro_ws/install/chatSystem/lib/chatSystem/talker
-- Installing: /Users/jae/Developer/URO/Sekuro/SEKURO_TUGAS_1_Made-Branenda-Jordhy_PROGRAMMING/src/ros_soal_1/sekuro_ws/install/chatSystem/lib/chatSystem/listener
-- Up-to-date: /Users/jae/Developer/URO/Sekuro/SEKURO_TUGAS_1_Made-Branenda-Jordhy_PROGRAMMING/src/ros_soal_1/sekuro_ws/install/chatSystem/share/ament_index/resource_index/package_run_dependencies/chatSystem
-- Up-to-date: /Users/jae/Developer/URO/Sekuro/SEKURO_TUGAS_1_Made-Branenda-Jordhy_PROGRAMMING/src/ros_soal_1/sekuro_ws/install/chatSystem/share/ament_index/resource_index/parent_prefix_path/chatSystem
-- Up-to-date: /Users/jae/Developer/URO/Sekuro/SEKURO_TUGAS_1_Made-Branenda-Jordhy_PROGRAMMING/src/ros_soal_1/sekuro_ws/install/chatSystem/share/chatSystem/environment/ament_prefix_path.sh
-- Installing: /Users/jae/Developer/URO/Sekuro/SEKURO_TUGAS_1_Made-Branenda-Jordhy_PROGRAMMING/src/ros_soal_1/sekuro_ws/install/chatSystem/share/chatSystem/environment/ament_prefix_path.dsv
-- Up-to-date: /Users/jae/Developer/URO/Sekuro/SEKURO_TUGAS_1_Made-Branenda-Jordhy_PROGRAMMING/src/ros_soal_1/sekuro_ws/install/chatSystem/share/chatSystem/environment/path.sh
-- Installing: /Users/jae/Developer/URO/Sekuro/SEKURO_TUGAS_1_Made-Branenda-Jordhy_PROGRAMMING/src/ros_soal_1/sekuro_ws/install/chatSystem/share/chatSystem/environment/path.dsv
-- Up-to-date: /Users/jae/Developer/URO/Sekuro/SEKURO_TUGAS_1_Made-Branenda-Jordhy_PROGRAMMING/src/ros_soal_1/sekuro_ws/install/chatSystem/share/chatSystem/local_setup.bash
-- Up-to-date: /Users/jae/Developer/URO/Sekuro/SEKURO_TUGAS_1_Made-Branenda-Jordhy_PROGRAMMING/src/ros_soal_1/sekuro_ws/install/chatSystem/share/chatSystem/local_setup.sh
-- Up-to-date: /Users/jae/Developer/URO/Sekuro/SEKURO_TUGAS_1_Made-Branenda-Jordhy_PROGRAMMING/src/ros_soal_1/sekuro_ws/install/chatSystem/share/chatSystem/local_setup.zsh
-- Installing: /Users/jae/Developer/URO/Sekuro/SEKURO_TUGAS_1_Made-Branenda-Jordhy_PROGRAMMING/src/ros_soal_1/sekuro_ws/install/chatSystem/share/chatSystem/local_setup.dsv
-- Installing: /Users/jae/Developer/URO/Sekuro/SEKURO_TUGAS_1_Made-Branenda-Jordhy_PROGRAMMING/src/ros_soal_1/sekuro_ws/install/chatSystem/share/chatSystem/package.dsv
-- Up-to-date: /Users/jae/Developer/URO/Sekuro/SEKURO_TUGAS_1_Made-Branenda-Jordhy_PROGRAMMING/src/ros_soal_1/sekuro_ws/install/chatSystem/share/ament_index/resource_index/packages/chatSystem
-- Up-to-date: /Users/jae/Developer/URO/Sekuro/SEKURO_TUGAS_1_Made-Branenda-Jordhy_PROGRAMMING/src/ros_soal_1/sekuro_ws/install/chatSystem/share/chatSystem/cmake/chatSystemConfig.cmake
-- Up-to-date: /Users/jae/Developer/URO/Sekuro/SEKURO_TUGAS_1_Made-Branenda-Jordhy_PROGRAMMING/src/ros_soal_1/sekuro_ws/install/chatSystem/share/chatSystem/cmake/chatSystemConfig-version.cmake
-- Up-to-date: /Users/jae/Developer/URO/Sekuro/SEKURO_TUGAS_1_Made-Branenda-Jordhy_PROGRAMMING/src/ros_soal_1/sekuro_ws/install/chatSystem/share/chatSystem/package.xml
