[0.017s] Invoking command in '/Users/jae/Developer/URO/Sekuro/SEKURO_TUGAS_1_Made-Branenda-Jordhy_PROGRAMMING/src/ros_soal_1/sekuro_ws/build/chatSystem': CONDA_PROMPT_MODIFIER=(ros2) SHLVL=4 _=/usr/bin/env /Users/jae/miniconda3/envs/ros2/bin/cmake --build /Users/jae/Developer/URO/Sekuro/SEKURO_TUGAS_1_Made-Branenda-Jordhy_PROGRAMMING/src/ros_soal_1/sekuro_ws/build/chatSystem -- -j10 -l10
[0.149s] [ 33%] Building CXX object CMakeFiles/talker.dir/src/talker.cpp.o
[0.149s] [ 44%] Built target listener
[2.373s] [ 55%] Linking CXX executable talker
[2.444s] [100%] Built target talker
[2.455s] Invoked command in '/Users/jae/Developer/URO/Sekuro/SEKURO_TUGAS_1_Made-Branenda-Jordhy_PROGRAMMING/src/ros_soal_1/sekuro_ws/build/chatSystem' returned '0': CONDA_PROMPT_MODIFIER=(ros2) SHLVL=4 _=/usr/bin/env /Users/jae/miniconda3/envs/ros2/bin/cmake --build /Users/jae/Developer/URO/Sekuro/SEKURO_TUGAS_1_Made-Branenda-Jordhy_PROGRAMMING/src/ros_soal_1/sekuro_ws/build/chatSystem -- -j10 -l10
[2.469s] Invoking command in '/Users/jae/Developer/URO/Sekuro/SEKURO_TUGAS_1_Made-Branenda-Jordhy_PROGRAMMING/src/ros_soal_1/sekuro_ws/build/chatSystem': CONDA_PROMPT_MODIFIER=(ros2) SHLVL=4 _=/usr/bin/env /Users/jae/miniconda3/envs/ros2/bin/cmake --install /Users/jae/Developer/URO/Sekuro/SEKURO_TUGAS_1_Made-Branenda-Jordhy_PROGRAMMING/src/ros_soal_1/sekuro_ws/build/chatSystem
[2.477s] -- Install configuration: ""
[2.478s] -- Installing: /Users/jae/Developer/URO/Sekuro/SEKURO_TUGAS_1_Made-Branenda-Jordhy_PROGRAMMING/src/ros_soal_1/sekuro_ws/install/chatSystem/lib/chatSystem/talker
[2.478s] -- Installing: /Users/jae/Developer/URO/Sekuro/SEKURO_TUGAS_1_Made-Branenda-Jordhy_PROGRAMMING/src/ros_soal_1/sekuro_ws/install/chatSystem/lib/chatSystem/listener
[2.478s] -- Up-to-date: /Users/jae/Developer/URO/Sekuro/SEKURO_TUGAS_1_Made-Branenda-Jordhy_PROGRAMMING/src/ros_soal_1/sekuro_ws/install/chatSystem/share/ament_index/resource_index/package_run_dependencies/chatSystem
[2.478s] -- Up-to-date: /Users/jae/Developer/URO/Sekuro/SEKURO_TUGAS_1_Made-Branenda-Jordhy_PROGRAMMING/src/ros_soal_1/sekuro_ws/install/chatSystem/share/ament_index/resource_index/parent_prefix_path/chatSystem
[2.478s] -- Up-to-date: /Users/jae/Developer/URO/Sekuro/SEKURO_TUGAS_1_Made-Branenda-Jordhy_PROGRAMMING/src/ros_soal_1/sekuro_ws/install/chatSystem/share/chatSystem/environment/ament_prefix_path.sh
[2.478s] -- Installing: /Users/jae/Developer/URO/Sekuro/SEKURO_TUGAS_1_Made-Branenda-Jordhy_PROGRAMMING/src/ros_soal_1/sekuro_ws/install/chatSystem/share/chatSystem/environment/ament_prefix_path.dsv
[2.479s] -- Up-to-date: /Users/jae/Developer/URO/Sekuro/SEKURO_TUGAS_1_Made-Branenda-Jordhy_PROGRAMMING/src/ros_soal_1/sekuro_ws/install/chatSystem/share/chatSystem/environment/path.sh
[2.479s] -- Installing: /Users/jae/Developer/URO/Sekuro/SEKURO_TUGAS_1_Made-Branenda-Jordhy_PROGRAMMING/src/ros_soal_1/sekuro_ws/install/chatSystem/share/chatSystem/environment/path.dsv
[2.479s] -- Up-to-date: /Users/jae/Developer/URO/Sekuro/SEKURO_TUGAS_1_Made-Branenda-Jordhy_PROGRAMMING/src/ros_soal_1/sekuro_ws/install/chatSystem/share/chatSystem/local_setup.bash
[2.479s] -- Up-to-date: /Users/jae/Developer/URO/Sekuro/SEKURO_TUGAS_1_Made-Branenda-Jordhy_PROGRAMMING/src/ros_soal_1/sekuro_ws/install/chatSystem/share/chatSystem/local_setup.sh
[2.479s] -- Up-to-date: /Users/jae/Developer/URO/Sekuro/SEKURO_TUGAS_1_Made-Branenda-Jordhy_PROGRAMMING/src/ros_soal_1/sekuro_ws/install/chatSystem/share/chatSystem/local_setup.zsh
[2.480s] -- Installing: /Users/jae/Developer/URO/Sekuro/SEKURO_TUGAS_1_Made-Branenda-Jordhy_PROGRAMMING/src/ros_soal_1/sekuro_ws/install/chatSystem/share/chatSystem/local_setup.dsv
[2.480s] -- Installing: /Users/jae/Developer/URO/Sekuro/SEKURO_TUGAS_1_Made-Branenda-Jordhy_PROGRAMMING/src/ros_soal_1/sekuro_ws/install/chatSystem/share/chatSystem/package.dsv
[2.480s] -- Up-to-date: /Users/jae/Developer/URO/Sekuro/SEKURO_TUGAS_1_Made-Branenda-Jordhy_PROGRAMMING/src/ros_soal_1/sekuro_ws/install/chatSystem/share/ament_index/resource_index/packages/chatSystem
[2.480s] -- Up-to-date: /Users/jae/Developer/URO/Sekuro/SEKURO_TUGAS_1_Made-Branenda-Jordhy_PROGRAMMING/src/ros_soal_1/sekuro_ws/install/chatSystem/share/chatSystem/cmake/chatSystemConfig.cmake
[2.480s] -- Up-to-date: /Users/jae/Developer/URO/Sekuro/SEKURO_TUGAS_1_Made-Branenda-Jordhy_PROGRAMMING/src/ros_soal_1/sekuro_ws/install/chatSystem/share/chatSystem/cmake/chatSystemConfig-version.cmake
[2.480s] -- Up-to-date: /Users/jae/Developer/URO/Sekuro/SEKURO_TUGAS_1_Made-Branenda-Jordhy_PROGRAMMING/src/ros_soal_1/sekuro_ws/install/chatSystem/share/chatSystem/package.xml
[2.481s] Invoked command in '/Users/jae/Developer/URO/Sekuro/SEKURO_TUGAS_1_Made-Branenda-Jordhy_PROGRAMMING/src/ros_soal_1/sekuro_ws/build/chatSystem' returned '0': CONDA_PROMPT_MODIFIER=(ros2) SHLVL=4 _=/usr/bin/env /Users/jae/miniconda3/envs/ros2/bin/cmake --install /Users/jae/Developer/URO/Sekuro/SEKURO_TUGAS_1_Made-Branenda-Jordhy_PROGRAMMING/src/ros_soal_1/sekuro_ws/build/chatSystem
