[0.219s] [34mcolcon[0m [1;30mDEBUG[0m [32mCommand line arguments: ['/Users/jae/miniconda3/envs/ros2/bin/colcon', 'build', '--packages-select', 'chatSystem'][0m
[0.219s] [34mcolcon[0m [1;30mDEBUG[0m [32mParsed command line arguments: Namespace(log_base=None, log_level=None, verb_name='build', build_base='build', install_base='install', merge_install=False, symlink_install=False, test_result_base=None, continue_on_error=False, executor='parallel', parallel_workers=10, event_handlers=None, ignore_user_meta=False, metas=['./colcon.meta'], base_paths=['.'], packages_ignore=None, packages_ignore_regex=None, paths=None, packages_up_to=None, packages_up_to_regex=None, packages_above=None, packages_above_and_dependencies=None, packages_above_depth=None, packages_select_by_dep=None, packages_skip_by_dep=None, packages_skip_up_to=None, packages_select_build_failed=False, packages_skip_build_finished=False, packages_select_test_failures=False, packages_skip_test_passed=False, packages_select=['chatSystem'], packages_skip=None, packages_select_regex=None, packages_skip_regex=None, packages_start=None, packages_end=None, cmake_args=None, cmake_target=None, cmake_target_skip_unavailable=False, cmake_clean_cache=False, cmake_clean_first=False, cmake_force_configure=False, ament_cmake_args=None, catkin_cmake_args=None, catkin_skip_building_tests=False, verb_parser=<colcon_defaults.argument_parser.defaults.DefaultArgumentsDecorator object at 0x11065bc90>, verb_extension=<colcon_core.verb.build.BuildVerb object at 0x11065b650>, main=<bound method BuildVerb.main of <colcon_core.verb.build.BuildVerb object at 0x11065b650>>)[0m
[0.269s] [34mcolcon.colcon_core.package_discovery[0m [1;30mLevel 1[0m discover_packages(colcon_meta) check parameters
[0.269s] [34mcolcon.colcon_core.package_discovery[0m [1;30mLevel 1[0m discover_packages(recursive) check parameters
[0.269s] [34mcolcon.colcon_core.package_discovery[0m [1;30mLevel 1[0m discover_packages(ignore) check parameters
[0.269s] [34mcolcon.colcon_core.package_discovery[0m [1;30mLevel 1[0m discover_packages(path) check parameters
[0.269s] [34mcolcon.colcon_core.package_discovery[0m [1;30mLevel 1[0m discover_packages(colcon_meta) discover
[0.269s] [34mcolcon.colcon_core.package_discovery[0m [1;30mLevel 1[0m discover_packages(recursive) discover
[0.269s] [34mcolcon.colcon_core.package_discovery[0m [1;30mINFO[0m Crawling recursively for packages in '/Users/jae/Developer/URO/Sekuro/SEKURO_TUGAS_1_Made-Branenda-Jordhy_PROGRAMMING/src/ros_soal_1/sekuro_ws'
[0.269s] [34mcolcon.colcon_core.package_identification[0m [1;30mLevel 1[0m _identify(.) by extensions ['ignore', 'ignore_ament_install']
[0.269s] [34mcolcon.colcon_core.package_identification[0m [1;30mLevel 1[0m _identify(.) by extension 'ignore'
[0.269s] [34mcolcon.colcon_core.package_identification[0m [1;30mLevel 1[0m _identify(.) by extension 'ignore_ament_install'
[0.269s] [34mcolcon.colcon_core.package_identification[0m [1;30mLevel 1[0m _identify(.) by extensions ['colcon_pkg']
[0.269s] [34mcolcon.colcon_core.package_identification[0m [1;30mLevel 1[0m _identify(.) by extension 'colcon_pkg'
[0.269s] [34mcolcon.colcon_core.package_identification[0m [1;30mLevel 1[0m _identify(.) by extensions ['colcon_meta']
[0.269s] [34mcolcon.colcon_core.package_identification[0m [1;30mLevel 1[0m _identify(.) by extension 'colcon_meta'
[0.269s] [34mcolcon.colcon_core.package_identification[0m [1;30mLevel 1[0m _identify(.) by extensions ['ros']
[0.269s] [34mcolcon.colcon_core.package_identification[0m [1;30mLevel 1[0m _identify(.) by extension 'ros'
[0.312s] [34mcolcon.colcon_core.package_identification[0m [1;30mLevel 1[0m _identify(.) by extensions ['cmake', 'python']
[0.312s] [34mcolcon.colcon_core.package_identification[0m [1;30mLevel 1[0m _identify(.) by extension 'cmake'
[0.312s] [34mcolcon.colcon_core.package_identification[0m [1;30mLevel 1[0m _identify(.) by extension 'python'
[0.312s] [34mcolcon.colcon_core.package_identification[0m [1;30mLevel 1[0m _identify(.) by extensions ['python_setup_py']
[0.312s] [34mcolcon.colcon_core.package_identification[0m [1;30mLevel 1[0m _identify(.) by extension 'python_setup_py'
[0.313s] [34mcolcon.colcon_core.package_identification[0m [1;30mLevel 1[0m _identify(build) by extensions ['ignore', 'ignore_ament_install']
[0.313s] [34mcolcon.colcon_core.package_identification[0m [1;30mLevel 1[0m _identify(build) by extension 'ignore'
[0.313s] [34mcolcon.colcon_core.package_identification[0m [1;30mLevel 1[0m _identify(build) ignored
[0.313s] [34mcolcon.colcon_core.package_identification[0m [1;30mLevel 1[0m _identify(chatSystem) by extensions ['ignore', 'ignore_ament_install']
[0.313s] [34mcolcon.colcon_core.package_identification[0m [1;30mLevel 1[0m _identify(chatSystem) by extension 'ignore'
[0.313s] [34mcolcon.colcon_core.package_identification[0m [1;30mLevel 1[0m _identify(chatSystem) by extension 'ignore_ament_install'
[0.313s] [34mcolcon.colcon_core.package_identification[0m [1;30mLevel 1[0m _identify(chatSystem) by extensions ['colcon_pkg']
[0.313s] [34mcolcon.colcon_core.package_identification[0m [1;30mLevel 1[0m _identify(chatSystem) by extension 'colcon_pkg'
[0.313s] [34mcolcon.colcon_core.package_identification[0m [1;30mLevel 1[0m _identify(chatSystem) by extensions ['colcon_meta']
[0.313s] [34mcolcon.colcon_core.package_identification[0m [1;30mLevel 1[0m _identify(chatSystem) by extension 'colcon_meta'
[0.313s] [34mcolcon.colcon_core.package_identification[0m [1;30mLevel 1[0m _identify(chatSystem) by extensions ['ros']
[0.313s] [34mcolcon.colcon_core.package_identification[0m [1;30mLevel 1[0m _identify(chatSystem) by extension 'ros'
[0.315s] [34mcolcon.colcon_core.package_identification[0m [1;30mDEBUG[0m [32mPackage 'chatSystem' with type 'ros.ament_cmake' and name 'chatSystem'[0m
[0.315s] [34mcolcon.colcon_core.package_identification[0m [1;30mLevel 1[0m _identify(install) by extensions ['ignore', 'ignore_ament_install']
[0.315s] [34mcolcon.colcon_core.package_identification[0m [1;30mLevel 1[0m _identify(install) by extension 'ignore'
[0.315s] [34mcolcon.colcon_core.package_identification[0m [1;30mLevel 1[0m _identify(install) ignored
[0.315s] [34mcolcon.colcon_core.package_identification[0m [1;30mLevel 1[0m _identify(log) by extensions ['ignore', 'ignore_ament_install']
[0.315s] [34mcolcon.colcon_core.package_identification[0m [1;30mLevel 1[0m _identify(log) by extension 'ignore'
[0.315s] [34mcolcon.colcon_core.package_identification[0m [1;30mLevel 1[0m _identify(log) ignored
[0.315s] [34mcolcon.colcon_core.package_identification[0m [1;30mLevel 1[0m _identify(src) by extensions ['ignore', 'ignore_ament_install']
[0.315s] [34mcolcon.colcon_core.package_identification[0m [1;30mLevel 1[0m _identify(src) by extension 'ignore'
[0.315s] [34mcolcon.colcon_core.package_identification[0m [1;30mLevel 1[0m _identify(src) by extension 'ignore_ament_install'
[0.315s] [34mcolcon.colcon_core.package_identification[0m [1;30mLevel 1[0m _identify(src) by extensions ['colcon_pkg']
[0.315s] [34mcolcon.colcon_core.package_identification[0m [1;30mLevel 1[0m _identify(src) by extension 'colcon_pkg'
[0.315s] [34mcolcon.colcon_core.package_identification[0m [1;30mLevel 1[0m _identify(src) by extensions ['colcon_meta']
[0.315s] [34mcolcon.colcon_core.package_identification[0m [1;30mLevel 1[0m _identify(src) by extension 'colcon_meta'
[0.315s] [34mcolcon.colcon_core.package_identification[0m [1;30mLevel 1[0m _identify(src) by extensions ['ros']
[0.315s] [34mcolcon.colcon_core.package_identification[0m [1;30mLevel 1[0m _identify(src) by extension 'ros'
[0.315s] [34mcolcon.colcon_core.package_identification[0m [1;30mLevel 1[0m _identify(src) by extensions ['cmake', 'python']
[0.315s] [34mcolcon.colcon_core.package_identification[0m [1;30mLevel 1[0m _identify(src) by extension 'cmake'
[0.315s] [34mcolcon.colcon_core.package_identification[0m [1;30mLevel 1[0m _identify(src) by extension 'python'
[0.315s] [34mcolcon.colcon_core.package_identification[0m [1;30mLevel 1[0m _identify(src) by extensions ['python_setup_py']
[0.316s] [34mcolcon.colcon_core.package_identification[0m [1;30mLevel 1[0m _identify(src) by extension 'python_setup_py'
[0.316s] [34mcolcon.colcon_core.package_discovery[0m [1;30mLevel 1[0m discover_packages(recursive) using defaults
[0.316s] [34mcolcon.colcon_core.package_discovery[0m [1;30mLevel 1[0m discover_packages(ignore) discover
[0.316s] [34mcolcon.colcon_core.package_discovery[0m [1;30mLevel 1[0m discover_packages(ignore) using defaults
[0.316s] [34mcolcon.colcon_core.package_discovery[0m [1;30mLevel 1[0m discover_packages(path) discover
[0.316s] [34mcolcon.colcon_core.package_discovery[0m [1;30mLevel 1[0m discover_packages(path) using defaults
[0.332s] [34mcolcon.colcon_core.verb[0m [1;30mLevel 5[0m set package 'chatSystem' build argument 'cmake_args' from command line to 'None'
[0.332s] [34mcolcon.colcon_core.verb[0m [1;30mLevel 5[0m set package 'chatSystem' build argument 'cmake_target' from command line to 'None'
[0.332s] [34mcolcon.colcon_core.verb[0m [1;30mLevel 5[0m set package 'chatSystem' build argument 'cmake_target_skip_unavailable' from command line to 'False'
[0.332s] [34mcolcon.colcon_core.verb[0m [1;30mLevel 5[0m set package 'chatSystem' build argument 'cmake_clean_cache' from command line to 'False'
[0.332s] [34mcolcon.colcon_core.verb[0m [1;30mLevel 5[0m set package 'chatSystem' build argument 'cmake_clean_first' from command line to 'False'
[0.332s] [34mcolcon.colcon_core.verb[0m [1;30mLevel 5[0m set package 'chatSystem' build argument 'cmake_force_configure' from command line to 'False'
[0.332s] [34mcolcon.colcon_core.verb[0m [1;30mLevel 5[0m set package 'chatSystem' build argument 'ament_cmake_args' from command line to 'None'
[0.333s] [34mcolcon.colcon_core.verb[0m [1;30mLevel 5[0m set package 'chatSystem' build argument 'catkin_cmake_args' from command line to 'None'
[0.333s] [34mcolcon.colcon_core.verb[0m [1;30mLevel 5[0m set package 'chatSystem' build argument 'catkin_skip_building_tests' from command line to 'False'
[0.333s] [34mcolcon.colcon_core.verb[0m [1;30mDEBUG[0m [32mBuilding package 'chatSystem' with the following arguments: {'ament_cmake_args': None, 'build_base': '/Users/jae/Developer/URO/Sekuro/SEKURO_TUGAS_1_Made-Branenda-Jordhy_PROGRAMMING/src/ros_soal_1/sekuro_ws/build/chatSystem', 'catkin_cmake_args': None, 'catkin_skip_building_tests': False, 'cmake_args': None, 'cmake_clean_cache': False, 'cmake_clean_first': False, 'cmake_force_configure': False, 'cmake_target': None, 'cmake_target_skip_unavailable': False, 'install_base': '/Users/jae/Developer/URO/Sekuro/SEKURO_TUGAS_1_Made-Branenda-Jordhy_PROGRAMMING/src/ros_soal_1/sekuro_ws/install/chatSystem', 'merge_install': False, 'path': '/Users/jae/Developer/URO/Sekuro/SEKURO_TUGAS_1_Made-Branenda-Jordhy_PROGRAMMING/src/ros_soal_1/sekuro_ws/chatSystem', 'symlink_install': False, 'test_result_base': None}[0m
[0.333s] [34mcolcon.colcon_core.executor[0m [1;30mINFO[0m Executing jobs using 'parallel' executor
[0.333s] [34mcolcon.colcon_parallel_executor.executor.parallel[0m [1;30mDEBUG[0m [32mrun_until_complete[0m
[0.333s] [34mcolcon.colcon_ros.task.ament_cmake.build[0m [1;30mINFO[0m Building ROS package in '/Users/jae/Developer/URO/Sekuro/SEKURO_TUGAS_1_Made-Branenda-Jordhy_PROGRAMMING/src/ros_soal_1/sekuro_ws/chatSystem' with build type 'ament_cmake'
[0.333s] [34mcolcon.colcon_cmake.task.cmake.build[0m [1;30mINFO[0m Building CMake package in '/Users/jae/Developer/URO/Sekuro/SEKURO_TUGAS_1_Made-Branenda-Jordhy_PROGRAMMING/src/ros_soal_1/sekuro_ws/chatSystem'
[0.336s] [34mcolcon.colcon_core.plugin_system[0m [1;30mINFO[0m Skipping extension 'colcon_core.shell.bat': Not used on non-Windows systems
[0.336s] [34mcolcon.colcon_core.shell[0m [1;30mINFO[0m Skip shell extension 'powershell' for command environment: Not usable outside of PowerShell
[0.336s] [34mcolcon.colcon_core.shell[0m [1;30mDEBUG[0m [32mSkip shell extension 'dsv' for command environment[0m
[0.350s] [34mcolcon.colcon_core.event_handler.log_command[0m [1;30mDEBUG[0m [32mInvoking command in '/Users/jae/Developer/URO/Sekuro/SEKURO_TUGAS_1_Made-Branenda-Jordhy_PROGRAMMING/src/ros_soal_1/sekuro_ws/build/chatSystem': CONDA_PROMPT_MODIFIER=(ros2) SHLVL=4 _=/usr/bin/env /Users/jae/miniconda3/envs/ros2/bin/cmake --build /Users/jae/Developer/URO/Sekuro/SEKURO_TUGAS_1_Made-Branenda-Jordhy_PROGRAMMING/src/ros_soal_1/sekuro_ws/build/chatSystem -- -j10 -l10[0m
[0.766s] [34mcolcon.colcon_core.event_handler.log_command[0m [1;30mDEBUG[0m [32mInvoked command in '/Users/jae/Developer/URO/Sekuro/SEKURO_TUGAS_1_Made-Branenda-Jordhy_PROGRAMMING/src/ros_soal_1/sekuro_ws/build/chatSystem' returned '0': CONDA_PROMPT_MODIFIER=(ros2) SHLVL=4 _=/usr/bin/env /Users/jae/miniconda3/envs/ros2/bin/cmake --build /Users/jae/Developer/URO/Sekuro/SEKURO_TUGAS_1_Made-Branenda-Jordhy_PROGRAMMING/src/ros_soal_1/sekuro_ws/build/chatSystem -- -j10 -l10[0m
[0.786s] [34mcolcon.colcon_core.event_handler.log_command[0m [1;30mDEBUG[0m [32mInvoking command in '/Users/jae/Developer/URO/Sekuro/SEKURO_TUGAS_1_Made-Branenda-Jordhy_PROGRAMMING/src/ros_soal_1/sekuro_ws/build/chatSystem': CONDA_PROMPT_MODIFIER=(ros2) SHLVL=4 _=/usr/bin/env /Users/jae/miniconda3/envs/ros2/bin/cmake --install /Users/jae/Developer/URO/Sekuro/SEKURO_TUGAS_1_Made-Branenda-Jordhy_PROGRAMMING/src/ros_soal_1/sekuro_ws/build/chatSystem[0m
[0.803s] [34mcolcon.colcon_core.environment[0m [1;30mLevel 1[0m create_environment_scripts_only(chatSystem)
[0.803s] [34mcolcon.colcon_core.event_handler.log_command[0m [1;30mDEBUG[0m [32mInvoked command in '/Users/jae/Developer/URO/Sekuro/SEKURO_TUGAS_1_Made-Branenda-Jordhy_PROGRAMMING/src/ros_soal_1/sekuro_ws/build/chatSystem' returned '0': CONDA_PROMPT_MODIFIER=(ros2) SHLVL=4 _=/usr/bin/env /Users/jae/miniconda3/envs/ros2/bin/cmake --install /Users/jae/Developer/URO/Sekuro/SEKURO_TUGAS_1_Made-Branenda-Jordhy_PROGRAMMING/src/ros_soal_1/sekuro_ws/build/chatSystem[0m
[0.807s] [34mcolcon.colcon_core.environment[0m [1;30mLevel 1[0m checking '/Users/jae/Developer/URO/Sekuro/SEKURO_TUGAS_1_Made-Branenda-Jordhy_PROGRAMMING/src/ros_soal_1/sekuro_ws/install/chatSystem' for CMake module files
[0.808s] [34mcolcon.colcon_core.environment[0m [1;30mLevel 1[0m checking '/Users/jae/Developer/URO/Sekuro/SEKURO_TUGAS_1_Made-Branenda-Jordhy_PROGRAMMING/src/ros_soal_1/sekuro_ws/install/chatSystem' for CMake config files
[0.810s] [34mcolcon.colcon_core.shell[0m [1;30mLevel 1[0m create_environment_hook('chatSystem', 'cmake_prefix_path')
[0.810s] [34mcolcon.colcon_core.shell[0m [1;30mINFO[0m Creating environment hook '/Users/jae/Developer/URO/Sekuro/SEKURO_TUGAS_1_Made-Branenda-Jordhy_PROGRAMMING/src/ros_soal_1/sekuro_ws/install/chatSystem/share/chatSystem/hook/cmake_prefix_path.ps1'
[0.811s] [34mcolcon.colcon_core.shell[0m [1;30mINFO[0m Creating environment descriptor '/Users/jae/Developer/URO/Sekuro/SEKURO_TUGAS_1_Made-Branenda-Jordhy_PROGRAMMING/src/ros_soal_1/sekuro_ws/install/chatSystem/share/chatSystem/hook/cmake_prefix_path.dsv'
[0.811s] [34mcolcon.colcon_core.shell[0m [1;30mINFO[0m Creating environment hook '/Users/jae/Developer/URO/Sekuro/SEKURO_TUGAS_1_Made-Branenda-Jordhy_PROGRAMMING/src/ros_soal_1/sekuro_ws/install/chatSystem/share/chatSystem/hook/cmake_prefix_path.sh'
[0.813s] [34mcolcon.colcon_core.environment[0m [1;30mLevel 1[0m checking '/Users/jae/Developer/URO/Sekuro/SEKURO_TUGAS_1_Made-Branenda-Jordhy_PROGRAMMING/src/ros_soal_1/sekuro_ws/install/chatSystem/lib'
[0.813s] [34mcolcon.colcon_core.environment[0m [1;30mLevel 1[0m checking '/Users/jae/Developer/URO/Sekuro/SEKURO_TUGAS_1_Made-Branenda-Jordhy_PROGRAMMING/src/ros_soal_1/sekuro_ws/install/chatSystem/bin'
[0.813s] [34mcolcon.colcon_core.environment[0m [1;30mLevel 1[0m checking '/Users/jae/Developer/URO/Sekuro/SEKURO_TUGAS_1_Made-Branenda-Jordhy_PROGRAMMING/src/ros_soal_1/sekuro_ws/install/chatSystem/lib/pkgconfig/chatSystem.pc'
[0.813s] [34mcolcon.colcon_core.environment[0m [1;30mLevel 1[0m checking '/Users/jae/Developer/URO/Sekuro/SEKURO_TUGAS_1_Made-Branenda-Jordhy_PROGRAMMING/src/ros_soal_1/sekuro_ws/install/chatSystem/lib/python3.11/site-packages'
[0.813s] [34mcolcon.colcon_core.environment[0m [1;30mLevel 1[0m checking '/Users/jae/Developer/URO/Sekuro/SEKURO_TUGAS_1_Made-Branenda-Jordhy_PROGRAMMING/src/ros_soal_1/sekuro_ws/install/chatSystem/bin'
[0.813s] [34mcolcon.colcon_core.shell[0m [1;30mINFO[0m Creating package script '/Users/jae/Developer/URO/Sekuro/SEKURO_TUGAS_1_Made-Branenda-Jordhy_PROGRAMMING/src/ros_soal_1/sekuro_ws/install/chatSystem/share/chatSystem/package.ps1'
[0.814s] [34mcolcon.colcon_core.shell[0m [1;30mINFO[0m Creating package descriptor '/Users/jae/Developer/URO/Sekuro/SEKURO_TUGAS_1_Made-Branenda-Jordhy_PROGRAMMING/src/ros_soal_1/sekuro_ws/install/chatSystem/share/chatSystem/package.dsv'
[0.815s] [34mcolcon.colcon_core.shell[0m [1;30mINFO[0m Creating package script '/Users/jae/Developer/URO/Sekuro/SEKURO_TUGAS_1_Made-Branenda-Jordhy_PROGRAMMING/src/ros_soal_1/sekuro_ws/install/chatSystem/share/chatSystem/package.sh'
[0.815s] [34mcolcon.colcon_core.shell[0m [1;30mINFO[0m Creating package script '/Users/jae/Developer/URO/Sekuro/SEKURO_TUGAS_1_Made-Branenda-Jordhy_PROGRAMMING/src/ros_soal_1/sekuro_ws/install/chatSystem/share/chatSystem/package.bash'
[0.815s] [34mcolcon.colcon_core.shell[0m [1;30mINFO[0m Creating package script '/Users/jae/Developer/URO/Sekuro/SEKURO_TUGAS_1_Made-Branenda-Jordhy_PROGRAMMING/src/ros_soal_1/sekuro_ws/install/chatSystem/share/chatSystem/package.zsh'
[0.816s] [34mcolcon.colcon_core.environment[0m [1;30mLevel 1[0m create_file_with_runtime_dependencies(/Users/jae/Developer/URO/Sekuro/SEKURO_TUGAS_1_Made-Branenda-Jordhy_PROGRAMMING/src/ros_soal_1/sekuro_ws/install/chatSystem/share/colcon-core/packages/chatSystem)
[0.817s] [34mcolcon.colcon_core.environment[0m [1;30mLevel 1[0m create_environment_scripts_only(chatSystem)
[0.817s] [34mcolcon.colcon_core.environment[0m [1;30mLevel 1[0m checking '/Users/jae/Developer/URO/Sekuro/SEKURO_TUGAS_1_Made-Branenda-Jordhy_PROGRAMMING/src/ros_soal_1/sekuro_ws/install/chatSystem' for CMake module files
[0.817s] [34mcolcon.colcon_core.environment[0m [1;30mLevel 1[0m checking '/Users/jae/Developer/URO/Sekuro/SEKURO_TUGAS_1_Made-Branenda-Jordhy_PROGRAMMING/src/ros_soal_1/sekuro_ws/install/chatSystem' for CMake config files
[0.818s] [34mcolcon.colcon_core.shell[0m [1;30mLevel 1[0m create_environment_hook('chatSystem', 'cmake_prefix_path')
[0.818s] [34mcolcon.colcon_core.shell[0m [1;30mINFO[0m Creating environment hook '/Users/jae/Developer/URO/Sekuro/SEKURO_TUGAS_1_Made-Branenda-Jordhy_PROGRAMMING/src/ros_soal_1/sekuro_ws/install/chatSystem/share/chatSystem/hook/cmake_prefix_path.ps1'
[0.818s] [34mcolcon.colcon_core.shell[0m [1;30mINFO[0m Creating environment descriptor '/Users/jae/Developer/URO/Sekuro/SEKURO_TUGAS_1_Made-Branenda-Jordhy_PROGRAMMING/src/ros_soal_1/sekuro_ws/install/chatSystem/share/chatSystem/hook/cmake_prefix_path.dsv'
[0.818s] [34mcolcon.colcon_core.shell[0m [1;30mINFO[0m Creating environment hook '/Users/jae/Developer/URO/Sekuro/SEKURO_TUGAS_1_Made-Branenda-Jordhy_PROGRAMMING/src/ros_soal_1/sekuro_ws/install/chatSystem/share/chatSystem/hook/cmake_prefix_path.sh'
[0.818s] [34mcolcon.colcon_core.environment[0m [1;30mLevel 1[0m checking '/Users/jae/Developer/URO/Sekuro/SEKURO_TUGAS_1_Made-Branenda-Jordhy_PROGRAMMING/src/ros_soal_1/sekuro_ws/install/chatSystem/lib'
[0.819s] [34mcolcon.colcon_core.environment[0m [1;30mLevel 1[0m checking '/Users/jae/Developer/URO/Sekuro/SEKURO_TUGAS_1_Made-Branenda-Jordhy_PROGRAMMING/src/ros_soal_1/sekuro_ws/install/chatSystem/bin'
[0.819s] [34mcolcon.colcon_core.environment[0m [1;30mLevel 1[0m checking '/Users/jae/Developer/URO/Sekuro/SEKURO_TUGAS_1_Made-Branenda-Jordhy_PROGRAMMING/src/ros_soal_1/sekuro_ws/install/chatSystem/lib/pkgconfig/chatSystem.pc'
[0.819s] [34mcolcon.colcon_core.environment[0m [1;30mLevel 1[0m checking '/Users/jae/Developer/URO/Sekuro/SEKURO_TUGAS_1_Made-Branenda-Jordhy_PROGRAMMING/src/ros_soal_1/sekuro_ws/install/chatSystem/lib/python3.11/site-packages'
[0.819s] [34mcolcon.colcon_core.environment[0m [1;30mLevel 1[0m checking '/Users/jae/Developer/URO/Sekuro/SEKURO_TUGAS_1_Made-Branenda-Jordhy_PROGRAMMING/src/ros_soal_1/sekuro_ws/install/chatSystem/bin'
[0.819s] [34mcolcon.colcon_core.shell[0m [1;30mINFO[0m Creating package script '/Users/jae/Developer/URO/Sekuro/SEKURO_TUGAS_1_Made-Branenda-Jordhy_PROGRAMMING/src/ros_soal_1/sekuro_ws/install/chatSystem/share/chatSystem/package.ps1'
[0.819s] [34mcolcon.colcon_core.shell[0m [1;30mINFO[0m Creating package descriptor '/Users/jae/Developer/URO/Sekuro/SEKURO_TUGAS_1_Made-Branenda-Jordhy_PROGRAMMING/src/ros_soal_1/sekuro_ws/install/chatSystem/share/chatSystem/package.dsv'
[0.819s] [34mcolcon.colcon_core.shell[0m [1;30mINFO[0m Creating package script '/Users/jae/Developer/URO/Sekuro/SEKURO_TUGAS_1_Made-Branenda-Jordhy_PROGRAMMING/src/ros_soal_1/sekuro_ws/install/chatSystem/share/chatSystem/package.sh'
[0.819s] [34mcolcon.colcon_core.shell[0m [1;30mINFO[0m Creating package script '/Users/jae/Developer/URO/Sekuro/SEKURO_TUGAS_1_Made-Branenda-Jordhy_PROGRAMMING/src/ros_soal_1/sekuro_ws/install/chatSystem/share/chatSystem/package.bash'
[0.820s] [34mcolcon.colcon_core.shell[0m [1;30mINFO[0m Creating package script '/Users/jae/Developer/URO/Sekuro/SEKURO_TUGAS_1_Made-Branenda-Jordhy_PROGRAMMING/src/ros_soal_1/sekuro_ws/install/chatSystem/share/chatSystem/package.zsh'
[0.820s] [34mcolcon.colcon_core.environment[0m [1;30mLevel 1[0m create_file_with_runtime_dependencies(/Users/jae/Developer/URO/Sekuro/SEKURO_TUGAS_1_Made-Branenda-Jordhy_PROGRAMMING/src/ros_soal_1/sekuro_ws/install/chatSystem/share/colcon-core/packages/chatSystem)
[0.820s] [34mcolcon.colcon_parallel_executor.executor.parallel[0m [1;30mDEBUG[0m [32mclosing loop[0m
[0.820s] [34mcolcon.colcon_parallel_executor.executor.parallel[0m [1;30mDEBUG[0m [32mloop closed[0m
[0.820s] [34mcolcon.colcon_parallel_executor.executor.parallel[0m [1;30mDEBUG[0m [32mrun_until_complete finished with '0'[0m
[0.820s] [34mcolcon.colcon_core.event_reactor[0m [1;30mDEBUG[0m [32mjoining thread[0m
[0.821s] [34mcolcon.colcon_core.event_reactor[0m [1;30mDEBUG[0m [32mjoined thread[0m
[0.821s] [34mcolcon.colcon_core.shell[0m [1;30mINFO[0m Creating prefix script '/Users/jae/Developer/URO/Sekuro/SEKURO_TUGAS_1_Made-Branenda-Jordhy_PROGRAMMING/src/ros_soal_1/sekuro_ws/install/local_setup.ps1'
[0.822s] [34mcolcon.colcon_core.shell[0m [1;30mINFO[0m Creating prefix util module '/Users/jae/Developer/URO/Sekuro/SEKURO_TUGAS_1_Made-Branenda-Jordhy_PROGRAMMING/src/ros_soal_1/sekuro_ws/install/_local_setup_util_ps1.py'
[0.823s] [34mcolcon.colcon_core.shell[0m [1;30mINFO[0m Creating prefix chain script '/Users/jae/Developer/URO/Sekuro/SEKURO_TUGAS_1_Made-Branenda-Jordhy_PROGRAMMING/src/ros_soal_1/sekuro_ws/install/setup.ps1'
[0.824s] [34mcolcon.colcon_core.shell[0m [1;30mINFO[0m Creating prefix script '/Users/jae/Developer/URO/Sekuro/SEKURO_TUGAS_1_Made-Branenda-Jordhy_PROGRAMMING/src/ros_soal_1/sekuro_ws/install/local_setup.sh'
[0.825s] [34mcolcon.colcon_core.shell[0m [1;30mINFO[0m Creating prefix util module '/Users/jae/Developer/URO/Sekuro/SEKURO_TUGAS_1_Made-Branenda-Jordhy_PROGRAMMING/src/ros_soal_1/sekuro_ws/install/_local_setup_util_sh.py'
[0.826s] [34mcolcon.colcon_core.shell[0m [1;30mINFO[0m Creating prefix chain script '/Users/jae/Developer/URO/Sekuro/SEKURO_TUGAS_1_Made-Branenda-Jordhy_PROGRAMMING/src/ros_soal_1/sekuro_ws/install/setup.sh'
[0.826s] [34mcolcon.colcon_core.shell[0m [1;30mINFO[0m Creating prefix script '/Users/jae/Developer/URO/Sekuro/SEKURO_TUGAS_1_Made-Branenda-Jordhy_PROGRAMMING/src/ros_soal_1/sekuro_ws/install/local_setup.bash'
[0.827s] [34mcolcon.colcon_core.shell[0m [1;30mINFO[0m Creating prefix chain script '/Users/jae/Developer/URO/Sekuro/SEKURO_TUGAS_1_Made-Branenda-Jordhy_PROGRAMMING/src/ros_soal_1/sekuro_ws/install/setup.bash'
[0.827s] [34mcolcon.colcon_core.shell[0m [1;30mINFO[0m Creating prefix script '/Users/jae/Developer/URO/Sekuro/SEKURO_TUGAS_1_Made-Branenda-Jordhy_PROGRAMMING/src/ros_soal_1/sekuro_ws/install/local_setup.zsh'
[0.828s] [34mcolcon.colcon_core.shell[0m [1;30mINFO[0m Creating prefix chain script '/Users/jae/Developer/URO/Sekuro/SEKURO_TUGAS_1_Made-Branenda-Jordhy_PROGRAMMING/src/ros_soal_1/sekuro_ws/install/setup.zsh'
